<?xml version="1.0" encoding="UTF-8"?>
<!-- Generated by org.testng.reporters.JUnitReportReporter -->
<testsuite skipped="0" hostname="DESKTOP-EFM1JN7" name="test.AddContactTest" tests="1" failures="0" timestamp="09 Oct 2021 05:33:53 GMT" time="14.656" errors="0">
  <testcase name="validUserShouldBeAbleToAddCustomer" time="14.656" classname="test.AddContactTest"/>
</testsuite> <!-- test.AddContactTest -->
