<?xml version="1.0" encoding="UTF-8"?>
<!-- Generated by org.testng.reporters.JUnitReportReporter -->
<testsuite skipped="0" hostname="DESKTOP-EFM1JN7" name="test.LoginTest" tests="1" failures="0" timestamp="09 Oct 2021 01:39:49 GMT" time="7.826" errors="0">
  <testcase name="validUserShouldBeAbleToLogin" time="7.826" classname="test.LoginTest"/>
</testsuite> <!-- test.LoginTest -->
